<?xml version="1.0" encoding="utf-8"?><testsuites name="pytest tests"><testsuite name="pytest" errors="0" failures="0" skipped="0" tests="17" time="1.052" timestamp="2026-01-05T06:01:41.115638+00:00" hostname="agent-env-3e9ed3c6-97b5-495e-8375-1ea988848428"><testcase classname="tests.test_telecarezone_api.TestHealthCheck" name="test_api_root" time="0.083" /><testcase classname="tests.test_telecarezone_api.TestProfessionalsAPI" name="test_get_approved_professionals" time="0.059" /><testcase classname="tests.test_telecarezone_api.TestProfessionalsAPI" name="test_professional_data_structure" time="0.056" /><testcase classname="tests.test_telecarezone_api.TestProfessionalsAPI" name="test_dr_priya_sharma_details" time="0.055" /><testcase classname="tests.test_telecarezone_api.TestProfessionalsAPI" name="test_dr_rajesh_kumar_details" time="0.060" /><testcase classname="tests.test_telecarezone_api.TestProfessionalsAPI" name="test_dr_ananya_desai_details" time="0.065" /><testcase classname="tests.test_telecarezone_api.TestAdminAuthentication" name="test_admin_login_success" time="0.122" /><testcase classname="tests.test_telecarezone_api.TestAdminAuthentication" name="test_admin_login_invalid_credentials" time="0.056" /><testcase classname="tests.test_telecarezone_api.TestAdminAuthentication" name="test_admin_login_missing_fields" time="0.063" /><testcase classname="tests.test_telecarezone_api.TestPublicProfessionalAPI" name="test_get_professional_by_subdomain" time="0.056" /><testcase classname="tests.test_telecarezone_api.TestPublicProfessionalAPI" name="test_get_professional_invalid_subdomain" time="0.056" /><testcase classname="tests.test_telecarezone_api.TestFrontendPages" name="test_homepage_loads" time="0.034" /><testcase classname="tests.test_telecarezone_api.TestFrontendPages" name="test_about_page_loads" time="0.033" /><testcase classname="tests.test_telecarezone_api.TestFrontendPages" name="test_blogs_page_loads" time="0.032" /><testcase classname="tests.test_telecarezone_api.TestFrontendPages" name="test_contact_page_loads" time="0.032" /><testcase classname="tests.test_telecarezone_api.TestFrontendPages" name="test_privacy_policy_page_loads" time="0.042" /><testcase classname="tests.test_telecarezone_api.TestFrontendPages" name="test_terms_page_loads" time="0.034" /></testsuite></testsuites>